<?xml version="1.0" encoding="UTF-8"?>
<testsuite name="ExpressionTreeTest" tests="26" skipped="0" failures="0" errors="0" timestamp="2025-09-09T22:06:29" hostname="harsh" time="0.289">
  <properties/>
  <testcase name="testInvalidOperator" classname="ExpressionTreeTest" time="0.139"/>
  <testcase name="testTooFewOperandsForOperator" classname="ExpressionTreeTest" time="0.001"/>
  <testcase name="testSimpleMultiplication" classname="ExpressionTreeTest" time="0.098"/>
  <testcase name="testOnlyOperator" classname="ExpressionTreeTest" time="0.001"/>
  <testcase name="testScientificNotation" classname="ExpressionTreeTest" time="0.001"/>
  <testcase name="testSingleNumber" classname="ExpressionTreeTest" time="0.0"/>
  <testcase name="testDivisionByZeroComplex" classname="ExpressionTreeTest" time="0.0"/>
  <testcase name="testSimpleAddition" classname="ExpressionTreeTest" time="0.007"/>
  <testcase name="testTooManyOperands" classname="ExpressionTreeTest" time="0.001"/>
  <testcase name="testNegativeAndZero" classname="ExpressionTreeTest" time="0.001"/>
  <testcase name="testEmptyExpression" classname="ExpressionTreeTest" time="0.0"/>
  <testcase name="testNullExpression" classname="ExpressionTreeTest" time="0.003"/>
  <testcase name="testMultipleOperatorsNoOperands" classname="ExpressionTreeTest" time="0.001"/>
  <testcase name="testSimpleSubtraction" classname="ExpressionTreeTest" time="0.003"/>
  <testcase name="testWhitespaceHandling" classname="ExpressionTreeTest" time="0.002"/>
  <testcase name="testWhitespaceOnlyExpression" classname="ExpressionTreeTest" time="0.003"/>
  <testcase name="testComplexTextTree" classname="ExpressionTreeTest" time="0.002"/>
  <testcase name="testSimpleDivision" classname="ExpressionTreeTest" time="0.001"/>
  <testcase name="testIntegerFormatting" classname="ExpressionTreeTest" time="0.001"/>
  <testcase name="testDivisionByZero" classname="ExpressionTreeTest" time="0.003"/>
  <testcase name="testStackSizeValidation" classname="ExpressionTreeTest" time="0.001"/>
  <testcase name="testInvalidToken" classname="ExpressionTreeTest" time="0.001"/>
  <testcase name="testComplexExpression1" classname="ExpressionTreeTest" time="0.002"/>
  <testcase name="testComplexExpression4" classname="ExpressionTreeTest" time="0.003"/>
  <testcase name="testFloatFormatting" classname="ExpressionTreeTest" time="0.001"/>
  <testcase name="testTooFewOperandsComplex" classname="ExpressionTreeTest" time="0.001"/>
  <system-out><![CDATA[]]></system-out>
  <system-err><![CDATA[]]></system-err>
</testsuite>
