<?xml version="1.0" encoding="UTF-8"?>
<testsuite name="IntervalTreeTest" tests="35" skipped="0" failures="0" errors="0" timestamp="2025-09-09T22:06:29" hostname="harsh" time="0.218">
  <properties/>
  <testcase name="testSimpleUnion" classname="IntervalTreeTest" time="0.182"/>
  <testcase name="testInvalidIntervalValues1" classname="IntervalTreeTest" time="0.002"/>
  <testcase name="testInvalidIntervalValues2" classname="IntervalTreeTest" time="0.0"/>
  <testcase name="testInvalidOperator" classname="IntervalTreeTest" time="0.001"/>
  <testcase name="testEqualsExactBehavior" classname="IntervalTreeTest" time="0.0"/>
  <testcase name="testTooFewOperandsForOperator" classname="IntervalTreeTest" time="0.002"/>
  <testcase name="testOnlyOperator" classname="IntervalTreeTest" time="0.0"/>
  <testcase name="testNegativeIntervals" classname="IntervalTreeTest" time="0.001"/>
  <testcase name="testTooManyOperands" classname="IntervalTreeTest" time="0.0"/>
  <testcase name="testMinValueHandling" classname="IntervalTreeTest" time="0.002"/>
  <testcase name="testSimpleIntersection" classname="IntervalTreeTest" time="0.0"/>
  <testcase name="testEmptyExpression" classname="IntervalTreeTest" time="0.0"/>
  <testcase name="testIntervalOperatorExactBehavior" classname="IntervalTreeTest" time="0.001"/>
  <testcase name="testNullExpression" classname="IntervalTreeTest" time="0.001"/>
  <testcase name="testSingleInterval" classname="IntervalTreeTest" time="0.0"/>
  <testcase name="testHashCodeConsistency" classname="IntervalTreeTest" time="0.005"/>
  <testcase name="testMathMinMaxMutations" classname="IntervalTreeTest" time="0.0"/>
  <testcase name="testZeroLengthInterval" classname="IntervalTreeTest" time="0.0"/>
  <testcase name="testWhitespaceHandling" classname="IntervalTreeTest" time="0.0"/>
  <testcase name="testIntervalTreeEmptyChecks" classname="IntervalTreeTest" time="0.0"/>
  <testcase name="testWhitespaceOnlyExpression" classname="IntervalTreeTest" time="0.001"/>
  <testcase name="testComplexTextTree" classname="IntervalTreeTest" time="0.0"/>
  <testcase name="testComplexExpression" classname="IntervalTreeTest" time="0.0"/>
  <testcase name="testChainedOperations" classname="IntervalTreeTest" time="0.001"/>
  <testcase name="testTouchingIntervals" classname="IntervalTreeTest" time="0.001"/>
  <testcase name="testIntervalIntersectionCondition" classname="IntervalTreeTest" time="0.001"/>
  <testcase name="testNoIntersection" classname="IntervalTreeTest" time="0.0"/>
  <testcase name="testInvalidIntervalOrder" classname="IntervalTreeTest" time="0.001"/>
  <testcase name="testInvalidIntervalFormat1" classname="IntervalTreeTest" time="0.0"/>
  <testcase name="testInvalidIntervalFormat2" classname="IntervalTreeTest" time="0.001"/>
  <testcase name="testInvalidIntervalFormat3" classname="IntervalTreeTest" time="0.001"/>
  <testcase name="testExactComparisonOperators" classname="IntervalTreeTest" time="0.001"/>
  <testcase name="testIntervalUnionMathOperations" classname="IntervalTreeTest" time="0.001"/>
  <testcase name="testTooFewOperandsComplex" classname="IntervalTreeTest" time="0.0"/>
  <testcase name="testParseIntervalCommaChecks" classname="IntervalTreeTest" time="0.001"/>
  <system-out><![CDATA[]]></system-out>
  <system-err><![CDATA[]]></system-err>
</testsuite>
