<?xml version="1.0" encoding="UTF-8"?>
<testsuite name="ExpressionTreeTest" tests="27" skipped="0" failures="0" errors="0" timestamp="2025-09-10T17:57:50" hostname="harsh" time="0.087">
  <properties/>
  <testcase name="testSubtract" classname="ExpressionTreeTest" time="0.077"/>
  <testcase name="testDecimalFormat" classname="ExpressionTreeTest" time="0.001"/>
  <testcase name="checkErrorMessages" classname="ExpressionTreeTest" time="0.002"/>
  <testcase name="unknownOperator" classname="ExpressionTreeTest" time="0.0"/>
  <testcase name="notEnoughOperands2" classname="ExpressionTreeTest" time="0.0"/>
  <testcase name="testWithZero" classname="ExpressionTreeTest" time="0.0"/>
  <testcase name="testComplexNesting" classname="ExpressionTreeTest" time="0.0"/>
  <testcase name="divByZeroIndirect" classname="ExpressionTreeTest" time="0.0"/>
  <testcase name="testAddTwoNumbers" classname="ExpressionTreeTest" time="0.001"/>
  <testcase name="justOperator" classname="ExpressionTreeTest" time="0.0"/>
  <testcase name="testIntegerFormat" classname="ExpressionTreeTest" time="0.0"/>
  <testcase name="justSpaces" classname="ExpressionTreeTest" time="0.001"/>
  <testcase name="tooManyNumbers" classname="ExpressionTreeTest" time="0.0"/>
  <testcase name="testScientificNumbers" classname="ExpressionTreeTest" time="0.0"/>
  <testcase name="testSpacesAndTabs" classname="ExpressionTreeTest" time="0.001"/>
  <testcase name="nullInput" classname="ExpressionTreeTest" time="0.001"/>
  <testcase name="emptyString" classname="ExpressionTreeTest" time="0.0"/>
  <testcase name="operatorsOnly" classname="ExpressionTreeTest" time="0.0"/>
  <testcase name="testDivide" classname="ExpressionTreeTest" time="0.0"/>
  <testcase name="testMultiply" classname="ExpressionTreeTest" time="0.001"/>
  <testcase name="notEnoughOperands" classname="ExpressionTreeTest" time="0.0"/>
  <testcase name="divByZero" classname="ExpressionTreeTest" time="0.0"/>
  <testcase name="testTreeVisualization" classname="ExpressionTreeTest" time="0.0"/>
  <testcase name="testNestedOps" classname="ExpressionTreeTest" time="0.001"/>
  <testcase name="testSingleValue" classname="ExpressionTreeTest" time="0.0"/>
  <testcase name="testNegativeNumbers" classname="ExpressionTreeTest" time="0.0"/>
  <testcase name="badToken" classname="ExpressionTreeTest" time="0.0"/>
  <system-out><![CDATA[]]></system-out>
  <system-err><![CDATA[]]></system-err>
</testsuite>
